app/build/intermediates/manifest_merge_blame_file/debug/manifest-merger-blame-debug-report.txt
1<?xml version="1.0" encoding="utf-8"?>
2<manifest xmlns:android="http://schemas.android.com/apk/res/android"
3    package="com.azhar.travel"
4    android:versionCode="1"
5    android:versionName="1.0" >
6
7    <uses-sdk
8        android:minSdkVersion="21"
8-->src\main\AndroidManifest.xml
9        android:targetSdkVersion="29" />
9-->src\main\AndroidManifest.xml
10
11    <uses-permission android:name="android.permission.INTERNET" />
11-->src\main\AndroidManifest.xml:6:5-66
11-->src\main\AndroidManifest.xml:6:22-64
12
13    <application
13-->src\main\AndroidManifest.xml:8:5-44:19
14        android:allowBackup="true"
14-->src\main\AndroidManifest.xml:9:9-35
15        android:appComponentFactory="androidx.core.app.CoreComponentFactory"
15-->[androidx.core:core:1.1.0] AndroidManifest.xml:24:18-86
16        android:debuggable="true"
17        android:icon="@mipmap/ic_launcher"
17-->src\main\AndroidManifest.xml:10:9-43
18        android:label="@string/app_name"
18-->src\main\AndroidManifest.xml:11:9-41
19        android:roundIcon="@mipmap/ic_launcher_round"
19-->src\main\AndroidManifest.xml:12:9-54
20        android:supportsRtl="true"
20-->src\main\AndroidManifest.xml:13:9-35
21        android:testOnly="true"
22        android:theme="@style/AppTheme" >
22-->src\main\AndroidManifest.xml:14:9-40
23        <activity
23-->src\main\AndroidManifest.xml:16:9-24:20
24            android:name="com.miniproyek_pasti14.travel.activity.MainActivity"
24-->src\main\AndroidManifest.xml:17:13-79
25            android:screenOrientation="portrait" >
25-->src\main\AndroidManifest.xml:18:13-49
26            <intent-filter>
26-->src\main\AndroidManifest.xml:19:13-23:29
27                <action android:name="android.intent.action.MAIN" />
27-->src\main\AndroidManifest.xml:20:17-69
27-->src\main\AndroidManifest.xml:20:25-66
28
29                <category android:name="android.intent.category.LAUNCHER" />
29-->src\main\AndroidManifest.xml:22:17-77
29-->src\main\AndroidManifest.xml:22:27-74
30            </intent-filter>
31        </activity>
32        <activity
32-->src\main\AndroidManifest.xml:25:9-29:55
33            android:name="com.miniproyek_pasti14.travel.activity.LoginActivity"
33-->src\main\AndroidManifest.xml:26:13-80
34            android:configChanges="keyboardHidden|orientation|screenSize"
34-->src\main\AndroidManifest.xml:27:13-74
35            android:screenOrientation="portrait"
35-->src\main\AndroidManifest.xml:28:13-49
36            android:windowSoftInputMode="adjustPan" />
36-->src\main\AndroidManifest.xml:29:13-52
37        <activity
37-->src\main\AndroidManifest.xml:30:9-34:55
38            android:name="com.miniproyek_pasti14.travel.activity.RegisterActivity"
38-->src\main\AndroidManifest.xml:31:13-83
39            android:configChanges="keyboardHidden|orientation|screenSize"
39-->src\main\AndroidManifest.xml:32:13-74
40            android:screenOrientation="portrait"
40-->src\main\AndroidManifest.xml:33:13-49
41            android:windowSoftInputMode="adjustPan" />
41-->src\main\AndroidManifest.xml:34:13-52
42        <activity
42-->src\main\AndroidManifest.xml:35:9-37:52
43            android:name="com.miniproyek_pasti14.travel.activity.ProfileActivity"
43-->src\main\AndroidManifest.xml:36:13-82
44            android:screenOrientation="portrait" />
44-->src\main\AndroidManifest.xml:37:13-49
45        <activity
45-->src\main\AndroidManifest.xml:38:9-40:52
46            android:name="com.miniproyek_pasti14.travel.activity.HistoryActivity"
46-->src\main\AndroidManifest.xml:39:13-82
47            android:screenOrientation="portrait" />
47-->src\main\AndroidManifest.xml:40:13-49
48        <activity
48-->src\main\AndroidManifest.xml:41:9-43:52
49            android:name="com.miniproyek_pasti14.travel.activity.BookKeretaActivity"
49-->src\main\AndroidManifest.xml:42:13-85
50            android:screenOrientation="portrait" />
50-->src\main\AndroidManifest.xml:43:13-49
51    </application>
52
53</manifest>